<?xml version="1.0" encoding="UTF-8"?>
<!-- Generated by org.testng.reporters.JUnitReportReporter -->
<testsuite hostname="oll-hdsouza" name="ca.on.oicr.pde.workflows.XenoClassifyWorkflowTest" tests="1" failures="0" timestamp="26 Apr 2018 19:20:08 GMT" time="15010.585" errors="0">
  <testcase name="validateRegressionTestDefinition" time="15010.585" classname="ca.on.oicr.pde.workflows.XenoClassifyWorkflowTest"/>
</testsuite> <!-- ca.on.oicr.pde.workflows.XenoClassifyWorkflowTest -->
