<?xml version="1.0" encoding="UTF-8"?>
<!-- Generated by org.testng.reporters.JUnitReportReporter -->
<testsuite hostname="oll-hdsouza" name="ca.on.oicr.pde.workflows.Varscan2WorkflowTest" tests="1" failures="0" timestamp="18 Apr 2018 20:02:12 GMT" time="0.585" errors="0">
  <testcase name="validateRegressionTestDefinition" time="0.585" classname="ca.on.oicr.pde.workflows.Varscan2WorkflowTest"/>
</testsuite> <!-- ca.on.oicr.pde.workflows.Varscan2WorkflowTest -->
