<?xml version="1.0" encoding="UTF-8"?>
<!-- Generated by org.testng.reporters.JUnitReportReporter -->
<testsuite hostname="oll-hdsouza" name="ca.on.oicr.pde.workflows.XenoClassifyWorkflowTest" tests="1" failures="0" timestamp="18 Apr 2018 20:15:11 GMT" time="0.455" errors="0">
  <testcase name="validateRegressionTestDefinition" time="0.455" classname="ca.on.oicr.pde.workflows.XenoClassifyWorkflowTest"/>
</testsuite> <!-- ca.on.oicr.pde.workflows.XenoClassifyWorkflowTest -->
