<?xml version="1.0" encoding="UTF-8"?>
<!-- Generated by org.testng.reporters.JUnitReportReporter -->
<testsuite hostname="oll-hdsouza" name="ca.on.oicr.pde.workflows.XenoClassifyWorkflowTest" tests="1" failures="0" timestamp="26 Apr 2018 15:09:43 GMT" time="0.628" errors="0">
  <testcase name="validateRegressionTestDefinition" time="0.628" classname="ca.on.oicr.pde.workflows.XenoClassifyWorkflowTest"/>
</testsuite> <!-- ca.on.oicr.pde.workflows.XenoClassifyWorkflowTest -->
